<?xml version="1.0" encoding="UTF-8"?>
<!-- Generated by org.testng.reporters.JUnitReportReporter -->
<testsuite hostname="LAPTOP-TG0OKUR5" failures="0" tests="1" name="com.qa.test.LoginPageTest" time="15.405" errors="0" timestamp="2022-06-05T14:53:06 IST" skipped="0">
  <testcase classname="com.qa.test.LoginPageTest" name="signupPageTast" time="15.405"/>
  <system-out/>
</testsuite> <!-- com.qa.test.LoginPageTest -->
